build/app/intermediates/manifest_merge_blame_file/debug/manifest-merger-blame-debug-report.txt
1<?xml version="1.0" encoding="utf-8"?>
2<manifest xmlns:android="http://schemas.android.com/apk/res/android"
3    package="com.example.time_tracker_app"
4    android:versionCode="1"
5    android:versionName="1.0.0" >
6
7    <uses-sdk
8        android:minSdkVersion="19"
9        android:targetSdkVersion="31" />
10    <!--
11         Flutter needs it to communicate with the running application
12         to allow setting breakpoints, to provide hot reload, etc.
13    -->
14    <uses-permission android:name="android.permission.INTERNET" />
14-->src\debug\AndroidManifest.xml:6:5-66
14-->src\debug\AndroidManifest.xml:6:22-64
15    <uses-permission android:name="android.permission.ACCESS_NETWORK_STATE" />
15-->[com.google.firebase:firebase-auth:21.0.5] AndroidManifest.xml:24:5-79
15-->[com.google.firebase:firebase-auth:21.0.5] AndroidManifest.xml:24:22-76
16    <uses-permission android:name="android.permission.WAKE_LOCK" />
16-->[com.google.android.gms:play-services-measurement-api:21.0.0] AndroidManifest.xml:24:5-68
16-->[com.google.android.gms:play-services-measurement-api:21.0.0] AndroidManifest.xml:24:22-65
17    <uses-permission android:name="com.google.android.gms.permission.AD_ID" />
17-->[com.google.android.gms:play-services-measurement-api:21.0.0] AndroidManifest.xml:25:5-79
17-->[com.google.android.gms:play-services-measurement-api:21.0.0] AndroidManifest.xml:25:22-76
18    <uses-permission android:name="com.google.android.finsky.permission.BIND_GET_INSTALL_REFERRER_SERVICE" />
18-->[com.google.android.gms:play-services-measurement:21.0.0] AndroidManifest.xml:26:5-110
18-->[com.google.android.gms:play-services-measurement:21.0.0] AndroidManifest.xml:26:22-107
19
20    <application
21        android:name="android.app.Application"
22        android:appComponentFactory="androidx.core.app.CoreComponentFactory"
22-->[androidx.core:core:1.6.0] AndroidManifest.xml:24:18-86
23        android:debuggable="true"
24        android:icon="@mipmap/ic_launcher"
25        android:label="time_tracker_app" >
26        <activity
27            android:name="com.example.time_tracker_app.MainActivity"
28            android:configChanges="orientation|keyboardHidden|keyboard|screenSize|smallestScreenSize|locale|layoutDirection|fontScale|screenLayout|density|uiMode"
29            android:exported="true"
30            android:hardwareAccelerated="true"
31            android:launchMode="singleTop"
32            android:theme="@style/LaunchTheme"
33            android:windowSoftInputMode="adjustResize" >
34
35            <!--
36                 Specifies an Android theme to apply to this Activity as soon as
37                 the Android process has started. This theme is visible to the user
38                 while the Flutter UI initializes. After that, this theme continues
39                 to determine the Window background behind the Flutter UI.
40            -->
41            <meta-data
42                android:name="io.flutter.embedding.android.NormalTheme"
43                android:resource="@style/NormalTheme" />
44
45            <intent-filter>
46                <action android:name="android.intent.action.MAIN" />
47
48                <category android:name="android.intent.category.LAUNCHER" />
49            </intent-filter>
50        </activity>
51        <!--
52             Don't delete the meta-data below.
53             This is used by the Flutter tool to generate GeneratedPluginRegistrant.java
54        -->
55        <meta-data
56            android:name="flutterEmbedding"
57            android:value="2" />
58
59        <service
59-->[:firebase_auth] AndroidManifest.xml:10:9-14:19
60            android:name="com.google.firebase.components.ComponentDiscoveryService"
60-->[:firebase_auth] AndroidManifest.xml:10:18-89
61            android:directBootAware="true"
61-->[com.google.firebase:firebase-common:20.1.1] AndroidManifest.xml:35:13-43
62            android:exported="false" >
62-->[com.google.firebase:firebase-auth:21.0.5] AndroidManifest.xml:66:13-37
63            <meta-data
63-->[:firebase_auth] AndroidManifest.xml:11:13-13:85
64                android:name="com.google.firebase.components:io.flutter.plugins.firebase.auth.FlutterFirebaseAuthRegistrar"
64-->[:firebase_auth] AndroidManifest.xml:12:17-124
65                android:value="com.google.firebase.components.ComponentRegistrar" />
65-->[:firebase_auth] AndroidManifest.xml:13:17-82
66            <meta-data
66-->[:firebase_core] AndroidManifest.xml:11:13-13:85
67                android:name="com.google.firebase.components:io.flutter.plugins.firebase.core.FlutterFirebaseCoreRegistrar"
67-->[:firebase_core] AndroidManifest.xml:12:17-124
68                android:value="com.google.firebase.components.ComponentRegistrar" />
68-->[:firebase_core] AndroidManifest.xml:13:17-82
69            <meta-data
69-->[com.google.firebase:firebase-auth:21.0.5] AndroidManifest.xml:67:13-69:85
70                android:name="com.google.firebase.components:com.google.firebase.auth.FirebaseAuthRegistrar"
70-->[com.google.firebase:firebase-auth:21.0.5] AndroidManifest.xml:68:17-109
71                android:value="com.google.firebase.components.ComponentRegistrar" />
71-->[com.google.firebase:firebase-auth:21.0.5] AndroidManifest.xml:69:17-82
72            <meta-data
72-->[com.google.android.gms:play-services-measurement-api:21.0.0] AndroidManifest.xml:31:13-33:85
73                android:name="com.google.firebase.components:com.google.firebase.analytics.connector.internal.AnalyticsConnectorRegistrar"
73-->[com.google.android.gms:play-services-measurement-api:21.0.0] AndroidManifest.xml:32:17-139
74                android:value="com.google.firebase.components.ComponentRegistrar" />
74-->[com.google.android.gms:play-services-measurement-api:21.0.0] AndroidManifest.xml:33:17-82
75            <meta-data
75-->[com.google.firebase:firebase-installations:17.0.1] AndroidManifest.xml:18:13-20:85
76                android:name="com.google.firebase.components:com.google.firebase.installations.FirebaseInstallationsRegistrar"
76-->[com.google.firebase:firebase-installations:17.0.1] AndroidManifest.xml:19:17-127
77                android:value="com.google.firebase.components.ComponentRegistrar" />
77-->[com.google.firebase:firebase-installations:17.0.1] AndroidManifest.xml:20:17-82
78        </service>
79
80        <uses-library
80-->[androidx.window:window:1.0.0-beta04] AndroidManifest.xml:25:9-27:40
81            android:name="androidx.window.extensions"
81-->[androidx.window:window:1.0.0-beta04] AndroidManifest.xml:26:13-54
82            android:required="false" />
82-->[androidx.window:window:1.0.0-beta04] AndroidManifest.xml:27:13-37
83        <uses-library
83-->[androidx.window:window:1.0.0-beta04] AndroidManifest.xml:28:9-30:40
84            android:name="androidx.window.sidecar"
84-->[androidx.window:window:1.0.0-beta04] AndroidManifest.xml:29:13-51
85            android:required="false" />
85-->[androidx.window:window:1.0.0-beta04] AndroidManifest.xml:30:13-37
86
87        <activity
87-->[com.google.firebase:firebase-auth:21.0.5] AndroidManifest.xml:27:9-44:20
88            android:name="com.google.firebase.auth.internal.GenericIdpActivity"
88-->[com.google.firebase:firebase-auth:21.0.5] AndroidManifest.xml:28:13-80
89            android:excludeFromRecents="true"
89-->[com.google.firebase:firebase-auth:21.0.5] AndroidManifest.xml:29:13-46
90            android:exported="true"
90-->[com.google.firebase:firebase-auth:21.0.5] AndroidManifest.xml:30:13-36
91            android:launchMode="singleTask"
91-->[com.google.firebase:firebase-auth:21.0.5] AndroidManifest.xml:31:13-44
92            android:theme="@android:style/Theme.Translucent.NoTitleBar" >
92-->[com.google.firebase:firebase-auth:21.0.5] AndroidManifest.xml:32:13-72
93            <intent-filter>
93-->[com.google.firebase:firebase-auth:21.0.5] AndroidManifest.xml:33:13-43:29
94                <action android:name="android.intent.action.VIEW" />
94-->[com.google.firebase:firebase-auth:21.0.5] AndroidManifest.xml:34:17-69
94-->[com.google.firebase:firebase-auth:21.0.5] AndroidManifest.xml:34:25-66
95
96                <category android:name="android.intent.category.DEFAULT" />
96-->[com.google.firebase:firebase-auth:21.0.5] AndroidManifest.xml:36:17-76
96-->[com.google.firebase:firebase-auth:21.0.5] AndroidManifest.xml:36:27-73
97                <category android:name="android.intent.category.BROWSABLE" />
97-->[com.google.firebase:firebase-auth:21.0.5] AndroidManifest.xml:37:17-78
97-->[com.google.firebase:firebase-auth:21.0.5] AndroidManifest.xml:37:27-75
98
99                <data
99-->[com.google.firebase:firebase-auth:21.0.5] AndroidManifest.xml:39:17-42:51
100                    android:host="firebase.auth"
100-->[com.google.firebase:firebase-auth:21.0.5] AndroidManifest.xml:40:21-49
101                    android:path="/"
101-->[com.google.firebase:firebase-auth:21.0.5] AndroidManifest.xml:41:21-37
102                    android:scheme="genericidp" />
102-->[com.google.firebase:firebase-auth:21.0.5] AndroidManifest.xml:42:21-48
103            </intent-filter>
104        </activity>
105        <activity
105-->[com.google.firebase:firebase-auth:21.0.5] AndroidManifest.xml:45:9-62:20
106            android:name="com.google.firebase.auth.internal.RecaptchaActivity"
106-->[com.google.firebase:firebase-auth:21.0.5] AndroidManifest.xml:46:13-79
107            android:excludeFromRecents="true"
107-->[com.google.firebase:firebase-auth:21.0.5] AndroidManifest.xml:47:13-46
108            android:exported="true"
108-->[com.google.firebase:firebase-auth:21.0.5] AndroidManifest.xml:48:13-36
109            android:launchMode="singleTask"
109-->[com.google.firebase:firebase-auth:21.0.5] AndroidManifest.xml:49:13-44
110            android:theme="@android:style/Theme.Translucent.NoTitleBar" >
110-->[com.google.firebase:firebase-auth:21.0.5] AndroidManifest.xml:50:13-72
111            <intent-filter>
111-->[com.google.firebase:firebase-auth:21.0.5] AndroidManifest.xml:51:13-61:29
112                <action android:name="android.intent.action.VIEW" />
112-->[com.google.firebase:firebase-auth:21.0.5] AndroidManifest.xml:34:17-69
112-->[com.google.firebase:firebase-auth:21.0.5] AndroidManifest.xml:34:25-66
113
114                <category android:name="android.intent.category.DEFAULT" />
114-->[com.google.firebase:firebase-auth:21.0.5] AndroidManifest.xml:36:17-76
114-->[com.google.firebase:firebase-auth:21.0.5] AndroidManifest.xml:36:27-73
115                <category android:name="android.intent.category.BROWSABLE" />
115-->[com.google.firebase:firebase-auth:21.0.5] AndroidManifest.xml:37:17-78
115-->[com.google.firebase:firebase-auth:21.0.5] AndroidManifest.xml:37:27-75
116
117                <data
117-->[com.google.firebase:firebase-auth:21.0.5] AndroidManifest.xml:39:17-42:51
118                    android:host="firebase.auth"
118-->[com.google.firebase:firebase-auth:21.0.5] AndroidManifest.xml:40:21-49
119                    android:path="/"
119-->[com.google.firebase:firebase-auth:21.0.5] AndroidManifest.xml:41:21-37
120                    android:scheme="recaptcha" />
120-->[com.google.firebase:firebase-auth:21.0.5] AndroidManifest.xml:42:21-48
121            </intent-filter>
122        </activity>
123
124        <provider
124-->[com.google.firebase:firebase-common:20.1.1] AndroidManifest.xml:26:9-31:39
125            android:name="com.google.firebase.provider.FirebaseInitProvider"
125-->[com.google.firebase:firebase-common:20.1.1] AndroidManifest.xml:27:13-77
126            android:authorities="com.example.time_tracker_app.firebaseinitprovider"
126-->[com.google.firebase:firebase-common:20.1.1] AndroidManifest.xml:28:13-72
127            android:directBootAware="true"
127-->[com.google.firebase:firebase-common:20.1.1] AndroidManifest.xml:29:13-43
128            android:exported="false"
128-->[com.google.firebase:firebase-common:20.1.1] AndroidManifest.xml:30:13-37
129            android:initOrder="100" />
129-->[com.google.firebase:firebase-common:20.1.1] AndroidManifest.xml:31:13-36
130
131        <receiver
131-->[com.google.android.gms:play-services-measurement:21.0.0] AndroidManifest.xml:29:9-33:20
132            android:name="com.google.android.gms.measurement.AppMeasurementReceiver"
132-->[com.google.android.gms:play-services-measurement:21.0.0] AndroidManifest.xml:30:13-85
133            android:enabled="true"
133-->[com.google.android.gms:play-services-measurement:21.0.0] AndroidManifest.xml:31:13-35
134            android:exported="false" >
134-->[com.google.android.gms:play-services-measurement:21.0.0] AndroidManifest.xml:32:13-37
135        </receiver>
136
137        <service
137-->[com.google.android.gms:play-services-measurement:21.0.0] AndroidManifest.xml:35:9-38:40
138            android:name="com.google.android.gms.measurement.AppMeasurementService"
138-->[com.google.android.gms:play-services-measurement:21.0.0] AndroidManifest.xml:36:13-84
139            android:enabled="true"
139-->[com.google.android.gms:play-services-measurement:21.0.0] AndroidManifest.xml:37:13-35
140            android:exported="false" />
140-->[com.google.android.gms:play-services-measurement:21.0.0] AndroidManifest.xml:38:13-37
141        <service
141-->[com.google.android.gms:play-services-measurement:21.0.0] AndroidManifest.xml:39:9-43:72
142            android:name="com.google.android.gms.measurement.AppMeasurementJobService"
142-->[com.google.android.gms:play-services-measurement:21.0.0] AndroidManifest.xml:40:13-87
143            android:enabled="true"
143-->[com.google.android.gms:play-services-measurement:21.0.0] AndroidManifest.xml:41:13-35
144            android:exported="false"
144-->[com.google.android.gms:play-services-measurement:21.0.0] AndroidManifest.xml:42:13-37
145            android:permission="android.permission.BIND_JOB_SERVICE" />
145-->[com.google.android.gms:play-services-measurement:21.0.0] AndroidManifest.xml:43:13-69
146
147        <activity
147-->[com.google.android.gms:play-services-base:17.1.0] AndroidManifest.xml:23:9-26:75
148            android:name="com.google.android.gms.common.api.GoogleApiActivity"
148-->[com.google.android.gms:play-services-base:17.1.0] AndroidManifest.xml:24:13-79
149            android:exported="false"
149-->[com.google.android.gms:play-services-base:17.1.0] AndroidManifest.xml:25:13-37
150            android:theme="@android:style/Theme.Translucent.NoTitleBar" />
150-->[com.google.android.gms:play-services-base:17.1.0] AndroidManifest.xml:26:13-72
151
152        <meta-data
152-->[com.google.android.gms:play-services-basement:18.0.0] AndroidManifest.xml:21:9-23:69
153            android:name="com.google.android.gms.version"
153-->[com.google.android.gms:play-services-basement:18.0.0] AndroidManifest.xml:22:13-58
154            android:value="@integer/google_play_services_version" />
154-->[com.google.android.gms:play-services-basement:18.0.0] AndroidManifest.xml:23:13-66
155    </application>
156
157</manifest>